[INFO  - 2018-04-24T04:37:25.453Z] GhostDriver - Main - running on port 56282
[INFO  - 2018-04-24T04:37:27.617Z] Session [312826d0-4779-11e8-a7ba-7b29c10b2dd0] - page.settings - {"XSSAuditingEnabled":false,"javascriptCanCloseWindows":true,"javascriptCanOpenWindows":true,"javascriptEnabled":true,"loadImages":true,"localToRemoteUrlAccessEnabled":false,"userAgent":"Mozilla/5.0 (Windows NT 6.2; WOW64) AppleWebKit/538.1 (KHTML, like Gecko) PhantomJS/2.1.1 Safari/538.1","webSecurityEnabled":true}
[INFO  - 2018-04-24T04:37:27.617Z] Session [312826d0-4779-11e8-a7ba-7b29c10b2dd0] - page.customHeaders:  - {}
[INFO  - 2018-04-24T04:37:27.617Z] Session [312826d0-4779-11e8-a7ba-7b29c10b2dd0] - Session.negotiatedCapabilities - {"browserName":"phantomjs","version":"2.1.1","driverName":"ghostdriver","driverVersion":"1.2.0","platform":"windows-10-32bit","javascriptEnabled":true,"takesScreenshot":true,"handlesAlerts":false,"databaseEnabled":false,"locationContextEnabled":false,"applicationCacheEnabled":false,"browserConnectionEnabled":false,"cssSelectorsEnabled":true,"webStorageEnabled":false,"rotatable":false,"acceptSslCerts":false,"nativeEvents":true,"proxy":{"proxyType":"direct"}}
[INFO  - 2018-04-24T04:37:27.617Z] SessionManagerReqHand - _postNewSessionCommand - New Session Created: 312826d0-4779-11e8-a7ba-7b29c10b2dd0
[ERROR - 2018-04-24T04:38:47.832Z] Session [312826d0-4779-11e8-a7ba-7b29c10b2dd0] - page.onError - msg: ERROR TypeError: undefined is not an object (evaluating '_co.productsdata.productVerticleData.offerSummary')

  phantomjs://platform/console++.js:263 in error
[ERROR - 2018-04-24T04:38:47.833Z] Session [312826d0-4779-11e8-a7ba-7b29c10b2dd0] - page.onError - stack:
  defaultErrorLogger (https://www.infochoice.com.au/vendor.bundle.js:41113)

  phantomjs://platform/console++.js:263 in error
[ERROR - 2018-04-24T04:38:47.837Z] Session [312826d0-4779-11e8-a7ba-7b29c10b2dd0] - page.onError - msg: ERROR TypeError: undefined is not an object (evaluating '_co.productsdata.productVerticleData.offerSummary')

  phantomjs://platform/console++.js:263 in error
[ERROR - 2018-04-24T04:38:47.837Z] Session [312826d0-4779-11e8-a7ba-7b29c10b2dd0] - page.onError - stack:
  defaultErrorLogger (https://www.infochoice.com.au/vendor.bundle.js:41113)

  phantomjs://platform/console++.js:263 in error
[ERROR - 2018-04-24T04:38:47.952Z] Session [312826d0-4779-11e8-a7ba-7b29c10b2dd0] - page.onError - msg: ERROR TypeError: undefined is not an object (evaluating '_co.productsdata.productVerticleData.offerSummary')

  phantomjs://platform/console++.js:263 in error
[ERROR - 2018-04-24T04:38:47.952Z] Session [312826d0-4779-11e8-a7ba-7b29c10b2dd0] - page.onError - stack:
  defaultErrorLogger (https://www.infochoice.com.au/vendor.bundle.js:41113)

  phantomjs://platform/console++.js:263 in error
[ERROR - 2018-04-24T04:38:47.954Z] Session [312826d0-4779-11e8-a7ba-7b29c10b2dd0] - page.onError - msg: ERROR TypeError: undefined is not an object (evaluating '_co.productsdata.productVerticleData.offerSummary')

  phantomjs://platform/console++.js:263 in error
[ERROR - 2018-04-24T04:38:47.954Z] Session [312826d0-4779-11e8-a7ba-7b29c10b2dd0] - page.onError - stack:
  defaultErrorLogger (https://www.infochoice.com.au/vendor.bundle.js:41113)

  phantomjs://platform/console++.js:263 in error
[ERROR - 2018-04-24T04:38:47.956Z] Session [312826d0-4779-11e8-a7ba-7b29c10b2dd0] - page.onError - msg: ERROR TypeError: undefined is not an object (evaluating '_co.productsdata.productVerticleData.offerSummary')

  phantomjs://platform/console++.js:263 in error
[ERROR - 2018-04-24T04:38:47.956Z] Session [312826d0-4779-11e8-a7ba-7b29c10b2dd0] - page.onError - stack:
  defaultErrorLogger (https://www.infochoice.com.au/vendor.bundle.js:41113)

  phantomjs://platform/console++.js:263 in error
